#
# There is insufficient memory for the Java Runtime Environment to continue.
# Native memory allocation (malloc) failed to allocate 1048576 bytes. Error detail: AllocateHeap
# Possible reasons:
#   The system is out of physical RAM or swap space
#   This process is running with CompressedOops enabled, and the Java Heap may be blocking the growth of the native heap
# Possible solutions:
#   Reduce memory load on the system
#   Increase physical memory or swap space
#   Check if swap backing store is full
#   Decrease Java heap size (-Xmx/-Xms)
#   Decrease number of Java threads
#   Decrease Java thread stack sizes (-Xss)
#   Set larger code cache with -XX:ReservedCodeCacheSize=
#   JVM is running with Unscaled Compressed Oops mode in which the Java heap is
#     placed in the first 4GB address space. The Java Heap base address is the
#     maximum limit for the native heap growth. Please use -XX:HeapBaseMinAddress
#     to set the Java Heap base and to place the Java Heap above 4GB virtual address.
# This output file may be truncated or incomplete.
#
#  Out of Memory Error (allocation.cpp:44), pid=13500, tid=17324
#
# JRE version: Java(TM) SE Runtime Environment (23.0+37) (build 23+37-2369)
# Java VM: Java HotSpot(TM) 64-Bit Server VM (23+37-2369, mixed mode, emulated-client, sharing, tiered, compressed oops, compressed class ptrs, g1 gc, windows-amd64)
# No core dump will be written. Minidumps are not enabled by default on client versions of Windows
#

---------------  S U M M A R Y ------------

Command Line: -XX:TieredStopAtLevel=1 -Dspring.output.ansi.enabled=always -Dcom.sun.management.jmxremote -Dspring.jmx.enabled=true -Dspring.liveBeansView.mbeanDomain -Dspring.application.admin.enabled=true -Dmanagement.endpoints.jmx.exposure.include=* -javaagent:C:\Program Files\JetBrains\IntelliJ IDEA 2026.1.3\lib\idea_rt.jar=54838 -Dfile.encoding=UTF-8 -Dsun.stdout.encoding=UTF-8 -Dsun.stderr.encoding=UTF-8 com.mservicesdev.api_gateway.ApiGatewayApplication

Host: 12th Gen Intel(R) Core(TM) i5-1235U, 12 cores, 7G,  Windows 11 , 64 bit Build 26100 (10.0.26100.3037)
Time: Wed Jun 10 17:32:03 2026 Hora est. Pacífico, Sudamérica elapsed time: 2316.627749 seconds (0d 0h 38m 36s)

---------------  T H R E A D  ---------------

Current thread (0x0000024e8f9fedb0):  VMThread "VM Thread"          [id=17324, stack(0x000000ae3c100000,0x000000ae3c200000) (1024K)]

Stack: [0x000000ae3c100000,0x000000ae3c200000]
Native frames: (J=compiled Java code, j=interpreted, Vv=VM code, C=native code)
V  [jvm.dll+0x6e08a9]  (no source info available)
V  [jvm.dll+0x87da63]  (no source info available)
V  [jvm.dll+0x87feee]  (no source info available)
V  [jvm.dll+0x8805c3]  (no source info available)
V  [jvm.dll+0x27aee6]  (no source info available)
V  [jvm.dll+0xb6a17]  (no source info available)
V  [jvm.dll+0x34547e]  (no source info available)
V  [jvm.dll+0x340219]  (no source info available)
V  [jvm.dll+0x3284e2]  (no source info available)
V  [jvm.dll+0x372bd4]  (no source info available)
V  [jvm.dll+0x886500]  (no source info available)
V  [jvm.dll+0x887827]  (no source info available)
V  [jvm.dll+0x887d58]  (no source info available)
V  [jvm.dll+0x887ff3]  (no source info available)
V  [jvm.dll+0x824f1b]  (no source info available)
V  [jvm.dll+0x6df055]  (no source info available)
C  [ucrtbase.dll+0x37b0]  (no source info available)
C  [KERNEL32.DLL+0x2e8d7]  (no source info available)
C  [ntdll.dll+0xbbf2c]  (no source info available)

VM_Operation (0x000000ae3b8ff1e0): G1CollectFull, mode: safepoint, requested by thread 0x0000024ed7618c70


---------------  P R O C E S S  ---------------

Threads class SMR info:
_java_thread_list=0x0000024ed7556e50, length=15, elements={
0x0000024e8fa154b0, 0x0000024e8fa17f20, 0x0000024e8fa1a3c0, 0x0000024e8fa1ce30,
0x0000024e8fa1e5b0, 0x0000024e8fa20e70, 0x0000024e8fa22850, 0x0000024e8fb6b9d0,
0x0000024e8fe15020, 0x0000024ed5515a70, 0x0000024ed55fc770, 0x0000024ed5e4b6e0,
0x0000024ed761a020, 0x0000024ed7613db0, 0x0000024ed7618c70
}

Java Threads: ( => current thread )
  0x0000024e8fa154b0 JavaThread "Reference Handler"          daemon [_thread_blocked, id=18600, stack(0x000000ae3c200000,0x000000ae3c300000) (1024K)]
  0x0000024e8fa17f20 JavaThread "Finalizer"                  daemon [_thread_blocked, id=7892, stack(0x000000ae3c300000,0x000000ae3c400000) (1024K)]
  0x0000024e8fa1a3c0 JavaThread "Signal Dispatcher"          daemon [_thread_blocked, id=12888, stack(0x000000ae3c400000,0x000000ae3c500000) (1024K)]
  0x0000024e8fa1ce30 JavaThread "Attach Listener"            daemon [_thread_blocked, id=23700, stack(0x000000ae3c500000,0x000000ae3c600000) (1024K)]
  0x0000024e8fa1e5b0 JavaThread "Service Thread"             daemon [_thread_blocked, id=26016, stack(0x000000ae3c600000,0x000000ae3c700000) (1024K)]
  0x0000024e8fa20e70 JavaThread "Monitor Deflation Thread"   daemon [_thread_blocked, id=19316, stack(0x000000ae3c700000,0x000000ae3c800000) (1024K)]
  0x0000024e8fa22850 JavaThread "C1 CompilerThread0"         daemon [_thread_blocked, id=4380, stack(0x000000ae3c800000,0x000000ae3c900000) (1024K)]
  0x0000024e8fb6b9d0 JavaThread "Common-Cleaner"             daemon [_thread_blocked, id=24228, stack(0x000000ae3ca00000,0x000000ae3cb00000) (1024K)]
  0x0000024e8fe15020 JavaThread "Notification Thread"        daemon [_thread_blocked, id=18976, stack(0x000000ae3cc00000,0x000000ae3cd00000) (1024K)]
  0x0000024ed5515a70 JavaThread "RMI TCP Accept-0"           daemon [_thread_in_native, id=5256, stack(0x000000ae3cf00000,0x000000ae3d000000) (1024K)]
  0x0000024ed55fc770 JavaThread "RMI Scheduler(0)"           daemon [_thread_blocked, id=23876, stack(0x000000ae3d100000,0x000000ae3d200000) (1024K)]
  0x0000024ed5e4b6e0 JavaThread "Live Reload Server"         daemon [_thread_in_native, id=13652, stack(0x000000ae3e600000,0x000000ae3e700000) (1024K)]
  0x0000024ed761a020 JavaThread "DestroyJavaVM"                     [_thread_blocked, id=26180, stack(0x000000ae3ba00000,0x000000ae3bb00000) (1024K)]
  0x0000024ed7613db0 JavaThread "HttpClient-2-SelectorManager" daemon [_thread_in_native, id=21120, stack(0x000000ae3dd00000,0x000000ae3de00000) (1024K)]
  0x0000024ed7618c70 JavaThread "Thread-9"                          [_thread_blocked, id=18032, stack(0x000000ae3b800000,0x000000ae3b900000) (1024K)]
Total: 15

Other Threads:
=>0x0000024e8f9fedb0 VMThread "VM Thread"                           [id=17324, stack(0x000000ae3c100000,0x000000ae3c200000) (1024K)]
  0x0000024e8f9eaf10 WatcherThread "VM Periodic Task Thread"        [id=25992, stack(0x000000ae3c000000,0x000000ae3c100000) (1024K)]
  0x0000024efe30bd00 WorkerThread "GC Thread#0"                     [id=26400, stack(0x000000ae3bb00000,0x000000ae3bc00000) (1024K)]
  0x0000024ed57dd3b0 WorkerThread "GC Thread#1"                     [id=24144, stack(0x000000ae3d300000,0x000000ae3d400000) (1024K)]
  0x0000024ed5815c70 WorkerThread "GC Thread#2"                     [id=21112, stack(0x000000ae3d400000,0x000000ae3d500000) (1024K)]
  0x0000024ed5a44520 WorkerThread "GC Thread#3"                     [id=4348, stack(0x000000ae3d500000,0x000000ae3d600000) (1024K)]
  0x0000024ed5a38640 WorkerThread "GC Thread#4"                     [id=17736, stack(0x000000ae3d600000,0x000000ae3d700000) (1024K)]
  0x0000024ed5a39200 WorkerThread "GC Thread#5"                     [id=15328, stack(0x000000ae3d700000,0x000000ae3d800000) (1024K)]
  0x0000024ed5a54cf0 WorkerThread "GC Thread#6"                     [id=5076, stack(0x000000ae3d800000,0x000000ae3d900000) (1024K)]
  0x0000024ed5a550a0 WorkerThread "GC Thread#7"                     [id=488, stack(0x000000ae3d900000,0x000000ae3da00000) (1024K)]
  0x0000024ed5a56360 WorkerThread "GC Thread#8"                     [id=18204, stack(0x000000ae3da00000,0x000000ae3db00000) (1024K)]
  0x0000024ed5a554a0 WorkerThread "GC Thread#9"                     [id=22316, stack(0x000000ae3db00000,0x000000ae3dc00000) (1024K)]
  0x0000024efe3207f0 ConcurrentGCThread "G1 Main Marker"            [id=14056, stack(0x000000ae3bc00000,0x000000ae3bd00000) (1024K)]
  0x0000024efe323130 WorkerThread "G1 Conc#0"                       [id=14212, stack(0x000000ae3bd00000,0x000000ae3be00000) (1024K)]
  0x0000024ed5d3f7a0 WorkerThread "G1 Conc#1"                       [id=19932, stack(0x000000ae3e000000,0x000000ae3e100000) (1024K)]
  0x0000024ed5d3ff00 WorkerThread "G1 Conc#2"                       [id=19796, stack(0x000000ae3e100000,0x000000ae3e200000) (1024K)]
  0x0000024e8f8b9c30 ConcurrentGCThread "G1 Refine#0"               [id=16404, stack(0x000000ae3be00000,0x000000ae3bf00000) (1024K)]
  0x0000024e8f8ba5c0 ConcurrentGCThread "G1 Service"                [id=26056, stack(0x000000ae3bf00000,0x000000ae3c000000) (1024K)]
Total: 18

Threads with active compile tasks:
Total: 0

VM state: at safepoint (normal execution)

VM Mutex/Monitor currently owned by a thread:  ([mutex/lock_event])
[0x00007ffcf5613910] Threads_lock - owner thread: 0x0000024e8f9fedb0
[0x00007ffcf5613a10] Heap_lock - owner thread: 0x0000024ed7618c70

Heap address: 0x0000000085000000, size: 1968 MB, Compressed Oops mode: 32-bit

CDS archive(s) mapped at: [0x0000024e90000000-0x0000024e90d70000-0x0000024e90d70000), size 14090240, SharedBaseAddress: 0x0000024e90000000, ArchiveRelocationMode: 1.
Compressed class space mapped at: 0x0000024e91000000-0x0000024ed1000000, reserved size: 1073741824
Narrow klass base: 0x0000024e90000000, Narrow klass shift: 0, Narrow klass range: 0x41000000

GC Precious Log:
 CardTable entry size: 512
 Card Set container configuration: InlinePtr #cards 5 size 8 Array Of Cards #cards 10 size 36 Howl #buckets 4 coarsen threshold 1843 Howl Bitmap #cards 512 size 80 coarsen threshold 460 Card regions per heap region 1 cards per card region 2048
 CPUs: 12 total, 12 available
 Memory: 7865M
 Large Page Support: Disabled
 NUMA Support: Disabled
 Compressed Oops: Enabled (32-bit)
 Heap Region Size: 1M
 Heap Min Capacity: 8M
 Heap Initial Capacity: 124M
 Heap Max Capacity: 1968M
 Pre-touch: Disabled
 Parallel Workers: 10
 Concurrent Workers: 3
 Concurrent Refinement Workers: 10
 Periodic GC: Disabled

Heap:
 garbage-first heap   total reserved 2015232K, committed 81920K, used 39836K [0x0000000085000000, 0x0000000100000000)
  region size 1024K, 20 young (20480K), 4 survivors (4096K)
 Metaspace       used 40239K, committed 40960K, reserved 1114112K
  class space    used 5695K, committed 5952K, reserved 1048576K

Heap Regions: E=young(eden), S=young(survivor), O=old, HS=humongous(starts), HC=humongous(continues), CS=collection set, F=free, TAMS=top-at-mark-start, PB=parsable bottom
|   0|0x0000000085000000, 0x0000000085100000, 0x0000000085100000|100%|HS|  |TAMS 0x0000000085000000| PB 0x0000000085000000| Untracked |  0
|   1|0x0000000085100000, 0x00000000851ffff0, 0x0000000085200000| 99%| O|  |TAMS 0x0000000085100000| PB 0x0000000085100000| Untracked |  0
|   2|0x0000000085200000, 0x00000000852fffa0, 0x0000000085300000| 99%| O|  |TAMS 0x0000000085200000| PB 0x0000000085200000| Untracked |  0
|   3|0x0000000085300000, 0x00000000853f83b0, 0x0000000085400000| 96%| O|  |TAMS 0x0000000085300000| PB 0x0000000085300000| Untracked |  0
|   4|0x0000000085400000, 0x00000000854ffff0, 0x0000000085500000| 99%| O|  |TAMS 0x0000000085400000| PB 0x0000000085400000| Untracked |  0
|   5|0x0000000085500000, 0x00000000855fe960, 0x0000000085600000| 99%| O|  |TAMS 0x0000000085500000| PB 0x0000000085500000| Untracked |  0
|   6|0x0000000085600000, 0x00000000856fffe8, 0x0000000085700000| 99%| O|  |TAMS 0x0000000085600000| PB 0x0000000085600000| Untracked |  0
|   7|0x0000000085700000, 0x00000000857ffff0, 0x0000000085800000| 99%| O|  |TAMS 0x0000000085700000| PB 0x0000000085700000| Untracked |  0
|   8|0x0000000085800000, 0x00000000858ffff8, 0x0000000085900000| 99%| O|  |TAMS 0x0000000085800000| PB 0x0000000085800000| Untracked |  0
|   9|0x0000000085900000, 0x00000000859ffff0, 0x0000000085a00000| 99%| O|  |TAMS 0x0000000085900000| PB 0x0000000085900000| Untracked |  0
|  10|0x0000000085a00000, 0x0000000085b00000, 0x0000000085b00000|100%| O|  |TAMS 0x0000000085a00000| PB 0x0000000085a00000| Untracked |  0
|  11|0x0000000085b00000, 0x0000000085c00000, 0x0000000085c00000|100%| O|  |TAMS 0x0000000085b00000| PB 0x0000000085b00000| Untracked |  0
|  12|0x0000000085c00000, 0x0000000085cffff0, 0x0000000085d00000| 99%| O|  |TAMS 0x0000000085c00000| PB 0x0000000085c00000| Untracked |  0
|  13|0x0000000085d00000, 0x0000000085dffff8, 0x0000000085e00000| 99%| O|  |TAMS 0x0000000085d00000| PB 0x0000000085d00000| Untracked |  0
|  14|0x0000000085e00000, 0x0000000085e0cb78, 0x0000000085f00000|  4%| O|  |TAMS 0x0000000085e00000| PB 0x0000000085e00000| Untracked |  0
|  15|0x0000000085f00000, 0x0000000085fffff8, 0x0000000086000000| 99%| O|  |TAMS 0x0000000085f00000| PB 0x0000000085f00000| Untracked |  0
|  16|0x0000000086000000, 0x00000000860fffc0, 0x0000000086100000| 99%| O|  |TAMS 0x0000000086000000| PB 0x0000000086000000| Untracked |  0
|  17|0x0000000086100000, 0x0000000086176490, 0x0000000086200000| 46%| O|  |TAMS 0x0000000086100000| PB 0x0000000086100000| Untracked |  0
|  18|0x0000000086200000, 0x0000000086300000, 0x0000000086300000|100%| O|  |TAMS 0x0000000086200000| PB 0x0000000086200000| Untracked |  0
|  19|0x0000000086300000, 0x00000000863fffc8, 0x0000000086400000| 99%| O|  |TAMS 0x0000000086300000| PB 0x0000000086300000| Untracked |  0
|  20|0x0000000086400000, 0x0000000086500000, 0x0000000086500000|100%|HS|  |TAMS 0x0000000086400000| PB 0x0000000086400000| Complete |  0
|  21|0x0000000086500000, 0x0000000086566678, 0x0000000086600000| 40%| O|  |TAMS 0x0000000086500000| PB 0x0000000086500000| Untracked |  0
|  22|0x0000000086600000, 0x00000000866ffe78, 0x0000000086700000| 99%| O|  |TAMS 0x0000000086600000| PB 0x0000000086600000| Untracked |  0
|  23|0x0000000086700000, 0x0000000086700000, 0x0000000086800000|  0%| F|  |TAMS 0x0000000086700000| PB 0x0000000086700000| Untracked |  0
|  24|0x0000000086800000, 0x000000008682fd30, 0x0000000086900000| 18%| O|  |TAMS 0x0000000086800000| PB 0x0000000086800000| Untracked |  0
|  25|0x0000000086900000, 0x0000000086900000, 0x0000000086a00000|  0%| F|  |TAMS 0x0000000086900000| PB 0x0000000086900000| Untracked |  0
|  26|0x0000000086a00000, 0x0000000086a00000, 0x0000000086b00000|  0%| F|  |TAMS 0x0000000086a00000| PB 0x0000000086a00000| Untracked |  0
|  27|0x0000000086b00000, 0x0000000086b10ac8, 0x0000000086c00000|  6%| O|  |TAMS 0x0000000086b00000| PB 0x0000000086b00000| Untracked |  0
|  28|0x0000000086c00000, 0x0000000086c00000, 0x0000000086d00000|  0%| F|  |TAMS 0x0000000086c00000| PB 0x0000000086c00000| Untracked |  0
|  29|0x0000000086d00000, 0x0000000086d00000, 0x0000000086e00000|  0%| F|  |TAMS 0x0000000086d00000| PB 0x0000000086d00000| Untracked |  0
|  30|0x0000000086e00000, 0x0000000086e00000, 0x0000000086f00000|  0%| F|  |TAMS 0x0000000086e00000| PB 0x0000000086e00000| Untracked |  0
|  31|0x0000000086f00000, 0x0000000086f00000, 0x0000000087000000|  0%| F|  |TAMS 0x0000000086f00000| PB 0x0000000086f00000| Untracked |  0
|  32|0x0000000087000000, 0x0000000087000000, 0x0000000087100000|  0%| F|  |TAMS 0x0000000087000000| PB 0x0000000087000000| Untracked |  0
|  33|0x0000000087100000, 0x0000000087100000, 0x0000000087200000|  0%| F|  |TAMS 0x0000000087100000| PB 0x0000000087100000| Untracked |  0
|  34|0x0000000087200000, 0x00000000872c6840, 0x0000000087300000| 77%| S|CS|TAMS 0x0000000087200000| PB 0x0000000087200000| Complete |  0
|  35|0x0000000087300000, 0x0000000087400000, 0x0000000087400000|100%| S|CS|TAMS 0x0000000087300000| PB 0x0000000087300000| Complete |  0
|  36|0x0000000087400000, 0x0000000087500000, 0x0000000087500000|100%| S|CS|TAMS 0x0000000087400000| PB 0x0000000087400000| Complete |  0
|  37|0x0000000087500000, 0x0000000087600000, 0x0000000087600000|100%| S|CS|TAMS 0x0000000087500000| PB 0x0000000087500000| Complete |  0
|  38|0x0000000087600000, 0x0000000087600000, 0x0000000087700000|  0%| F|  |TAMS 0x0000000087600000| PB 0x0000000087600000| Untracked |  0
|  39|0x0000000087700000, 0x0000000087700000, 0x0000000087800000|  0%| F|  |TAMS 0x0000000087700000| PB 0x0000000087700000| Untracked |  0
|  40|0x0000000087800000, 0x0000000087800000, 0x0000000087900000|  0%| F|  |TAMS 0x0000000087800000| PB 0x0000000087800000| Untracked |  0
|  41|0x0000000087900000, 0x0000000087900000, 0x0000000087a00000|  0%| F|  |TAMS 0x0000000087900000| PB 0x0000000087900000| Untracked |  0
|  42|0x0000000087a00000, 0x0000000087a00000, 0x0000000087b00000|  0%| F|  |TAMS 0x0000000087a00000| PB 0x0000000087a00000| Untracked |  0
|  43|0x0000000087b00000, 0x0000000087b00000, 0x0000000087c00000|  0%| F|  |TAMS 0x0000000087b00000| PB 0x0000000087b00000| Untracked |  0
|  44|0x0000000087c00000, 0x0000000087c00000, 0x0000000087d00000|  0%| F|  |TAMS 0x0000000087c00000| PB 0x0000000087c00000| Untracked |  0
|  45|0x0000000087d00000, 0x0000000087d00000, 0x0000000087e00000|  0%| F|  |TAMS 0x0000000087d00000| PB 0x0000000087d00000| Untracked |  0
|  46|0x0000000087e00000, 0x0000000087e00000, 0x0000000087f00000|  0%| F|  |TAMS 0x0000000087e00000| PB 0x0000000087e00000| Untracked |  0
|  47|0x0000000087f00000, 0x0000000087f00000, 0x0000000088000000|  0%| F|  |TAMS 0x0000000087f00000| PB 0x0000000087f00000| Untracked |  0
|  48|0x0000000088000000, 0x0000000088000000, 0x0000000088100000|  0%| F|  |TAMS 0x0000000088000000| PB 0x0000000088000000| Untracked |  0
|  49|0x0000000088100000, 0x0000000088100000, 0x0000000088200000|  0%| F|  |TAMS 0x0000000088100000| PB 0x0000000088100000| Untracked |  0
|  50|0x0000000088200000, 0x0000000088200000, 0x0000000088300000|  0%| F|  |TAMS 0x0000000088200000| PB 0x0000000088200000| Untracked |  0
|  51|0x0000000088300000, 0x0000000088300000, 0x0000000088400000|  0%| F|  |TAMS 0x0000000088300000| PB 0x0000000088300000| Untracked |  0
|  52|0x0000000088400000, 0x0000000088400000, 0x0000000088500000|  0%| F|  |TAMS 0x0000000088400000| PB 0x0000000088400000| Untracked |  0
|  53|0x0000000088500000, 0x0000000088500000, 0x0000000088600000|  0%| F|  |TAMS 0x0000000088500000| PB 0x0000000088500000| Untracked |  0
|  54|0x0000000088600000, 0x0000000088600000, 0x0000000088700000|  0%| F|  |TAMS 0x0000000088600000| PB 0x0000000088600000| Untracked |  0
|  55|0x0000000088700000, 0x0000000088700000, 0x0000000088800000|  0%| F|  |TAMS 0x0000000088700000| PB 0x0000000088700000| Untracked |  0
|  56|0x0000000088800000, 0x0000000088800000, 0x0000000088900000|  0%| F|  |TAMS 0x0000000088800000| PB 0x0000000088800000| Untracked |  0
|  57|0x0000000088900000, 0x0000000088900000, 0x0000000088a00000|  0%| F|  |TAMS 0x0000000088900000| PB 0x0000000088900000| Untracked |  0
|  58|0x0000000088a00000, 0x0000000088a00000, 0x0000000088b00000|  0%| F|  |TAMS 0x0000000088a00000| PB 0x0000000088a00000| Untracked |  0
|  59|0x0000000088b00000, 0x0000000088b00000, 0x0000000088c00000|  0%| F|  |TAMS 0x0000000088b00000| PB 0x0000000088b00000| Untracked |  0
|  60|0x0000000088c00000, 0x0000000088c00000, 0x0000000088d00000|  0%| F|  |TAMS 0x0000000088c00000| PB 0x0000000088c00000| Untracked |  0
|  61|0x0000000088d00000, 0x0000000088d00000, 0x0000000088e00000|  0%| F|  |TAMS 0x0000000088d00000| PB 0x0000000088d00000| Untracked |  0
|  62|0x0000000088e00000, 0x0000000088e00000, 0x0000000088f00000|  0%| F|  |TAMS 0x0000000088e00000| PB 0x0000000088e00000| Untracked |  0
|  63|0x0000000088f00000, 0x0000000088f00000, 0x0000000089000000|  0%| F|  |TAMS 0x0000000088f00000| PB 0x0000000088f00000| Untracked |  0
|  64|0x0000000089000000, 0x0000000089100000, 0x0000000089100000|100%| E|  |TAMS 0x0000000089000000| PB 0x0000000089000000| Complete |  0
|  65|0x0000000089100000, 0x0000000089200000, 0x0000000089200000|100%| E|CS|TAMS 0x0000000089100000| PB 0x0000000089100000| Complete |  0
|  66|0x0000000089200000, 0x0000000089300000, 0x0000000089300000|100%| E|CS|TAMS 0x0000000089200000| PB 0x0000000089200000| Complete |  0
|  67|0x0000000089300000, 0x0000000089400000, 0x0000000089400000|100%| E|CS|TAMS 0x0000000089300000| PB 0x0000000089300000| Complete |  0
|  68|0x0000000089400000, 0x0000000089500000, 0x0000000089500000|100%| E|CS|TAMS 0x0000000089400000| PB 0x0000000089400000| Complete |  0
|  69|0x0000000089500000, 0x0000000089600000, 0x0000000089600000|100%| E|CS|TAMS 0x0000000089500000| PB 0x0000000089500000| Complete |  0
|  70|0x0000000089600000, 0x0000000089700000, 0x0000000089700000|100%| E|CS|TAMS 0x0000000089600000| PB 0x0000000089600000| Complete |  0
|  71|0x0000000089700000, 0x0000000089800000, 0x0000000089800000|100%| E|CS|TAMS 0x0000000089700000| PB 0x0000000089700000| Complete |  0
|  72|0x0000000089800000, 0x0000000089900000, 0x0000000089900000|100%| E|CS|TAMS 0x0000000089800000| PB 0x0000000089800000| Complete |  0
|  96|0x000000008b000000, 0x000000008b100000, 0x000000008b100000|100%| E|CS|TAMS 0x000000008b000000| PB 0x000000008b000000| Complete |  0
|  97|0x000000008b100000, 0x000000008b200000, 0x000000008b200000|100%| E|CS|TAMS 0x000000008b100000| PB 0x000000008b100000| Complete |  0
|  98|0x000000008b200000, 0x000000008b300000, 0x000000008b300000|100%| E|CS|TAMS 0x000000008b200000| PB 0x000000008b200000| Complete |  0
|  99|0x000000008b300000, 0x000000008b400000, 0x000000008b400000|100%| E|CS|TAMS 0x000000008b300000| PB 0x000000008b300000| Complete |  0
| 100|0x000000008b400000, 0x000000008b500000, 0x000000008b500000|100%| E|CS|TAMS 0x000000008b400000| PB 0x000000008b400000| Complete |  0
| 101|0x000000008b500000, 0x000000008b600000, 0x000000008b600000|100%| E|  |TAMS 0x000000008b500000| PB 0x000000008b500000| Complete |  0
| 123|0x000000008cb00000, 0x000000008cc00000, 0x000000008cc00000|100%| E|CS|TAMS 0x000000008cb00000| PB 0x000000008cb00000| Complete |  0

Card table byte_map: [0x0000024eff3f0000,0x0000024eff7d0000] _byte_map_base: 0x0000024efefc8000

Marking Bits: (CMBitMap*) 0x0000024efe30c320
 Bits: [0x0000024e8b670000, 0x0000024e8d530000)

Polling page: 0x0000024efcaa0000

Metaspace:

Usage:
  Non-class:     33.73 MB used.
      Class:      5.56 MB used.
       Both:     39.30 MB used.

Virtual space:
  Non-class space:       64.00 MB reserved,      34.19 MB ( 53%) committed,  1 nodes.
      Class space:        1.00 GB reserved,       5.81 MB ( <1%) committed,  1 nodes.
             Both:        1.06 GB reserved,      40.00 MB (  4%) committed. 

Chunk freelists:
   Non-Class:  13.88 MB
       Class:  10.24 MB
        Both:  24.12 MB

MaxMetaspaceSize: unlimited
CompressedClassSpaceSize: 1.00 GB
Initial GC threshold: 21.00 MB
Current GC threshold: 66.56 MB
CDS: on
 - commit_granule_bytes: 65536.
 - commit_granule_words: 8192.
 - virtual_space_node_default_size: 8388608.
 - enlarge_chunks_in_place: 1.
 - use_allocation_guard: 0.


Internal statistics:

num_allocs_failed_limit: 6.
num_arena_births: 1082.
num_arena_deaths: 312.
num_vsnodes_births: 2.
num_vsnodes_deaths: 0.
num_space_committed: 640.
num_space_uncommitted: 0.
num_chunks_returned_to_freelist: 356.
num_chunks_taken_from_freelist: 2444.
num_chunk_merges: 83.
num_chunk_splits: 1572.
num_chunks_enlarged: 1135.
num_inconsistent_stats: 0.

CodeCache: size=49152Kb used=9535Kb max_used=10655Kb free=39616Kb
 bounds [0x0000024e88670000, 0x0000024e890e0000, 0x0000024e8b670000]
 total_blobs=7233, nmethods=6611, adapters=547, full_count=0
Compilation: enabled, stopped_count=0, restarted_count=0

Compilation events (20 events):
Event: 2175.994 Thread 0x0000024e8fa22850 6681   !   1       org.springframework.context.event.AbstractApplicationEventMulticaster::supportsEvent (104 bytes)
Event: 2175.994 Thread 0x0000024e8fa22850 nmethod 6681 0x0000024e890d7108 code [0x0000024e890d72e0, 0x0000024e890d77b0]
Event: 2175.996 Thread 0x0000024e8fa22850 6682       1       org.springframework.boot.autoconfigure.condition.ConditionEvaluationReport$$Lambda/0x0000024e915cedc8::accept (20 bytes)
Event: 2175.996 Thread 0x0000024ed59421f0 6683       1       org.springframework.boot.autoconfigure.condition.ConditionEvaluationReport::lambda$getDelta$4 (44 bytes)
Event: 2175.996 Thread 0x0000024e8fa22850 nmethod 6682 0x0000024e890d7888 code [0x0000024e890d79a0, 0x0000024e890d7b08]
Event: 2175.996 Thread 0x0000024ed59421f0 nmethod 6683 0x0000024e890d7b88 code [0x0000024e890d7ce0, 0x0000024e890d7f10]
Event: 2315.388 Thread 0x0000024e8fa22850 6684       1       java.util.regex.Pattern::bitsOrSingle (106 bytes)
Event: 2315.393 Thread 0x0000024e8fa22850 nmethod 6684 0x0000024e889ebf88 code [0x0000024e889ec0c0, 0x0000024e889ec2d8]
Event: 2315.393 Thread 0x0000024e8fa22850 6685       1       java.util.regex.Pattern$BitClass::add (97 bytes)
Event: 2315.399 Thread 0x0000024e8fa22850 nmethod 6685 0x0000024e889eba88 code [0x0000024e889ebbe0, 0x0000024e889ebef8]
Event: 2315.399 Thread 0x0000024e8fa22850 6686       1       java.util.regex.Pattern$BranchConn::study (5 bytes)
Event: 2315.399 Thread 0x0000024e8fa22850 nmethod 6686 0x0000024e889eb788 code [0x0000024e889eb8a0, 0x0000024e889eb970]
Event: 2315.437 Thread 0x0000024e8fa22850 6687       1       ch.qos.logback.core.pattern.DynamicConverter::getFirstOption (35 bytes)
Event: 2315.439 Thread 0x0000024e8fa22850 nmethod 6687 0x0000024e889eb408 code [0x0000024e889eb540, 0x0000024e889eb6f8]
Event: 2315.441 Thread 0x0000024e8fa22850 6688       1       ch.qos.logback.core.pattern.CompositeConverter::convert (43 bytes)
Event: 2315.444 Thread 0x0000024e8fa22850 nmethod 6688 0x0000024e889eaf88 code [0x0000024e889eb0e0, 0x0000024e889eb3a8]
Event: 2315.509 Thread 0x0000024e8fa22850 6689       1       java.lang.StringBuilder::append (8 bytes)
Event: 2315.509 Thread 0x0000024e8fa22850 nmethod 6689 0x0000024e889eac88 code [0x0000024e889eada0, 0x0000024e889eae98]
Event: 2315.509 Thread 0x0000024e8fa22850 6690       1       java.lang.AbstractStringBuilder::append (60 bytes)
Event: 2315.511 Thread 0x0000024e8fa22850 nmethod 6690 0x0000024e889ea908 code [0x0000024e889eaa40, 0x0000024e889eac08]

GC Heap History (20 events):
Event: 1.806 GC heap after
{Heap after GC invocations=3 (full 0):
 garbage-first heap   total reserved 2015232K, committed 126976K, used 21588K [0x0000000085000000, 0x0000000100000000)
  region size 1024K, 6 young (6144K), 6 survivors (6144K)
 Metaspace       used 17809K, committed 18240K, reserved 1114112K
  class space    used 2588K, committed 2752K, reserved 1048576K
}
Event: 1.936 GC heap before
{Heap before GC invocations=3 (full 0):
 garbage-first heap   total reserved 2015232K, committed 126976K, used 45140K [0x0000000085000000, 0x0000000100000000)
  region size 1024K, 30 young (30720K), 6 survivors (6144K)
 Metaspace       used 21070K, committed 21504K, reserved 1114112K
  class space    used 2946K, committed 3136K, reserved 1048576K
}
Event: 1.941 GC heap after
{Heap after GC invocations=4 (full 0):
 garbage-first heap   total reserved 2015232K, committed 126976K, used 18924K [0x0000000085000000, 0x0000000100000000)
  region size 1024K, 4 young (4096K), 4 survivors (4096K)
 Metaspace       used 21070K, committed 21504K, reserved 1114112K
  class space    used 2946K, committed 3136K, reserved 1048576K
}
Event: 2.292 GC heap before
{Heap before GC invocations=5 (full 0):
 garbage-first heap   total reserved 2015232K, committed 65536K, used 53740K [0x0000000085000000, 0x0000000100000000)
  region size 1024K, 38 young (38912K), 4 survivors (4096K)
 Metaspace       used 24957K, committed 25472K, reserved 1114112K
  class space    used 3548K, committed 3776K, reserved 1048576K
}
Event: 2.296 GC heap after
{Heap after GC invocations=6 (full 0):
 garbage-first heap   total reserved 2015232K, committed 65536K, used 19374K [0x0000000085000000, 0x0000000100000000)
  region size 1024K, 4 young (4096K), 4 survivors (4096K)
 Metaspace       used 24957K, committed 25472K, reserved 1114112K
  class space    used 3548K, committed 3776K, reserved 1048576K
}
Event: 2.648 GC heap before
{Heap before GC invocations=6 (full 0):
 garbage-first heap   total reserved 2015232K, committed 65536K, used 49070K [0x0000000085000000, 0x0000000100000000)
  region size 1024K, 33 young (33792K), 4 survivors (4096K)
 Metaspace       used 29475K, committed 30016K, reserved 1114112K
  class space    used 4219K, committed 4416K, reserved 1048576K
}
Event: 2.653 GC heap after
{Heap after GC invocations=7 (full 0):
 garbage-first heap   total reserved 2015232K, committed 65536K, used 21260K [0x0000000085000000, 0x0000000100000000)
  region size 1024K, 5 young (5120K), 5 survivors (5120K)
 Metaspace       used 29475K, committed 30016K, reserved 1114112K
  class space    used 4219K, committed 4416K, reserved 1048576K
}
Event: 2.841 GC heap before
{Heap before GC invocations=7 (full 0):
 garbage-first heap   total reserved 2015232K, committed 65536K, used 56076K [0x0000000085000000, 0x0000000100000000)
  region size 1024K, 34 young (34816K), 5 survivors (5120K)
 Metaspace       used 30919K, committed 31488K, reserved 1114112K
  class space    used 4414K, committed 4672K, reserved 1048576K
}
Event: 2.847 GC heap after
{Heap after GC invocations=8 (full 0):
 garbage-first heap   total reserved 2015232K, committed 81920K, used 25577K [0x0000000085000000, 0x0000000100000000)
  region size 1024K, 5 young (5120K), 5 survivors (5120K)
 Metaspace       used 30919K, committed 31488K, reserved 1114112K
  class space    used 4414K, committed 4672K, reserved 1048576K
}
Event: 3.217 GC heap before
{Heap before GC invocations=8 (full 0):
 garbage-first heap   total reserved 2015232K, committed 81920K, used 51177K [0x0000000085000000, 0x0000000100000000)
  region size 1024K, 31 young (31744K), 5 survivors (5120K)
 Metaspace       used 35474K, committed 36096K, reserved 1114112K
  class space    used 5073K, committed 5376K, reserved 1048576K
}
Event: 3.222 GC heap after
{Heap after GC invocations=9 (full 0):
 garbage-first heap   total reserved 2015232K, committed 81920K, used 29154K [0x0000000085000000, 0x0000000100000000)
  region size 1024K, 4 young (4096K), 4 survivors (4096K)
 Metaspace       used 35474K, committed 36096K, reserved 1114112K
  class space    used 5073K, committed 5376K, reserved 1048576K
}
Event: 496.550 GC heap before
{Heap before GC invocations=10 (full 0):
 garbage-first heap   total reserved 2015232K, committed 81920K, used 63970K [0x0000000085000000, 0x0000000100000000)
  region size 1024K, 39 young (39936K), 4 survivors (4096K)
 Metaspace       used 40167K, committed 40832K, reserved 1114112K
  class space    used 5699K, committed 5952K, reserved 1048576K
}
Event: 496.601 GC heap after
{Heap after GC invocations=11 (full 0):
 garbage-first heap   total reserved 2015232K, committed 81920K, used 30980K [0x0000000085000000, 0x0000000100000000)
  region size 1024K, 3 young (3072K), 3 survivors (3072K)
 Metaspace       used 40167K, committed 40832K, reserved 1114112K
  class space    used 5699K, committed 5952K, reserved 1048576K
}
Event: 1810.422 GC heap before
{Heap before GC invocations=11 (full 0):
 garbage-first heap   total reserved 2015232K, committed 81920K, used 67844K [0x0000000085000000, 0x0000000100000000)
  region size 1024K, 39 young (39936K), 3 survivors (3072K)
 Metaspace       used 40168K, committed 40832K, reserved 1114112K
  class space    used 5700K, committed 5952K, reserved 1048576K
}
Event: 1810.466 GC heap after
{Heap after GC invocations=12 (full 0):
 garbage-first heap   total reserved 2015232K, committed 81920K, used 30211K [0x0000000085000000, 0x0000000100000000)
  region size 1024K, 3 young (3072K), 3 survivors (3072K)
 Metaspace       used 40168K, committed 40832K, reserved 1114112K
  class space    used 5700K, committed 5952K, reserved 1048576K
}
Event: 2173.003 GC heap before
{Heap before GC invocations=12 (full 0):
 garbage-first heap   total reserved 2015232K, committed 81920K, used 33283K [0x0000000085000000, 0x0000000100000000)
  region size 1024K, 7 young (7168K), 3 survivors (3072K)
 Metaspace       used 40261K, committed 40896K, reserved 1114112K
  class space    used 5718K, committed 5952K, reserved 1048576K
}
Event: 2173.292 GC heap after
{Heap after GC invocations=13 (full 1):
 garbage-first heap   total reserved 2015232K, committed 81920K, used 20610K [0x0000000085000000, 0x0000000100000000)
  region size 1024K, 0 young (0K), 0 survivors (0K)
 Metaspace       used 39984K, committed 40896K, reserved 1114112K
  class space    used 5639K, committed 5952K, reserved 1048576K
}
Event: 2175.420 GC heap before
{Heap before GC invocations=13 (full 1):
 garbage-first heap   total reserved 2015232K, committed 81920K, used 70786K [0x0000000085000000, 0x0000000100000000)
  region size 1024K, 42 young (43008K), 0 survivors (0K)
 Metaspace       used 40109K, committed 40960K, reserved 1114112K
  class space    used 5664K, committed 5952K, reserved 1048576K
}
Event: 2175.432 GC heap after
{Heap after GC invocations=14 (full 1):
 garbage-first heap   total reserved 2015232K, committed 81920K, used 24476K [0x0000000085000000, 0x0000000100000000)
  region size 1024K, 4 young (4096K), 4 survivors (4096K)
 Metaspace       used 40109K, committed 40960K, reserved 1114112K
  class space    used 5664K, committed 5952K, reserved 1048576K
}
Event: 2315.623 GC heap before
{Heap before GC invocations=14 (full 1):
 garbage-first heap   total reserved 2015232K, committed 81920K, used 39836K [0x0000000085000000, 0x0000000100000000)
  region size 1024K, 20 young (20480K), 4 survivors (4096K)
 Metaspace       used 40239K, committed 40960K, reserved 1114112K
  class space    used 5695K, committed 5952K, reserved 1048576K
}

Dll operation events (12 events):
Event: 0.015 Loaded shared library C:\Program Files\Java\jdk-23\bin\java.dll
Event: 0.192 Loaded shared library C:\Program Files\Java\jdk-23\bin\zip.dll
Event: 0.197 Loaded shared library C:\Program Files\Java\jdk-23\bin\instrument.dll
Event: 0.204 Loaded shared library C:\Program Files\Java\jdk-23\bin\net.dll
Event: 0.207 Loaded shared library C:\Program Files\Java\jdk-23\bin\nio.dll
Event: 0.213 Loaded shared library C:\Program Files\Java\jdk-23\bin\zip.dll
Event: 0.214 Loaded shared library C:\Program Files\Java\jdk-23\bin\jimage.dll
Event: 0.342 Loaded shared library C:\Program Files\Java\jdk-23\bin\extnet.dll
Event: 0.349 Loaded shared library C:\Program Files\Java\jdk-23\bin\management.dll
Event: 0.370 Loaded shared library C:\Program Files\Java\jdk-23\bin\management_ext.dll
Event: 1.765 Loaded shared library C:\Program Files\Java\jdk-23\bin\verify.dll
Event: 2.066 Loaded shared library C:\Program Files\Java\jdk-23\bin\sunmscapi.dll

Deoptimization events (0 events):
No events

Classes loaded (20 events):
Event: 32.617 Loading class java/util/stream/LongStream
Event: 32.618 Loading class java/util/stream/LongStream done
Event: 32.618 Loading class java/util/stream/DoubleStream
Event: 32.619 Loading class java/util/stream/DoubleStream done
Event: 1768.203 Loading class sun/net/ConnectionResetException
Event: 1768.210 Loading class sun/net/ConnectionResetException done
Event: 2172.730 Loading class java/util/concurrent/locks/AbstractQueuedSynchronizer$SharedNode
Event: 2172.735 Loading class java/util/concurrent/locks/AbstractQueuedSynchronizer$SharedNode done
Event: 2172.984 Loading class java/util/WeakHashMap$KeyIterator
Event: 2172.985 Loading class java/util/WeakHashMap$KeyIterator done
Event: 2173.293 Loading class java/lang/ref/Finalizer$2
Event: 2173.294 Loading class java/lang/ref/Finalizer$2 done
Event: 2173.294 Loading class java/lang/ref/Finalizer$1
Event: 2173.295 Loading class java/lang/ref/Finalizer$1 done
Event: 2173.298 Loading class java/util/LinkedList$LLSpliterator
Event: 2173.301 Loading class java/util/LinkedList$LLSpliterator done
Event: 2175.575 Loading class java/time/DurationEditor
Event: 2175.575 Loading class java/time/DurationEditor done
Event: 2175.640 Loading class java/lang/invoke/MethodHandleImpl$CountingWrapper$1
Event: 2175.640 Loading class java/lang/invoke/MethodHandleImpl$CountingWrapper$1 done

Classes unloaded (20 events):
Event: 2173.061 Thread 0x0000024e8f9fedb0 Unloading class 0x0000024e910d9c00 'java/lang/invoke/LambdaForm$MH+0x0000024e910d9c00'
Event: 2173.061 Thread 0x0000024e8f9fedb0 Unloading class 0x0000024e910d9800 'java/lang/invoke/LambdaForm$MH+0x0000024e910d9800'
Event: 2173.061 Thread 0x0000024e8f9fedb0 Unloading class 0x0000024e910d9400 'java/lang/invoke/LambdaForm$MH+0x0000024e910d9400'
Event: 2173.061 Thread 0x0000024e8f9fedb0 Unloading class 0x0000024e910d8800 'java/lang/invoke/LambdaForm$MH+0x0000024e910d8800'
Event: 2173.061 Thread 0x0000024e8f9fedb0 Unloading class 0x0000024e910d8000 'java/lang/invoke/LambdaForm$MH+0x0000024e910d8000'
Event: 2173.062 Thread 0x0000024e8f9fedb0 Unloading class 0x0000024e910cd800 'java/lang/invoke/LambdaForm$MH+0x0000024e910cd800'
Event: 2173.062 Thread 0x0000024e8f9fedb0 Unloading class 0x0000024e910c1800 'java/lang/invoke/LambdaForm$MH+0x0000024e910c1800'
Event: 2173.062 Thread 0x0000024e8f9fedb0 Unloading class 0x0000024e910c0800 'java/lang/invoke/LambdaForm$DMH+0x0000024e910c0800'
Event: 2173.062 Thread 0x0000024e8f9fedb0 Unloading class 0x0000024e910c0000 'java/lang/invoke/LambdaForm$DMH+0x0000024e910c0000'
Event: 2173.062 Thread 0x0000024e8f9fedb0 Unloading class 0x0000024e9100d800 'java/lang/invoke/LambdaForm$MH+0x0000024e9100d800'
Event: 2173.062 Thread 0x0000024e8f9fedb0 Unloading class 0x0000024e9100d400 'java/lang/invoke/LambdaForm$DMH+0x0000024e9100d400'
Event: 2173.062 Thread 0x0000024e8f9fedb0 Unloading class 0x0000024e9100d000 'java/lang/invoke/LambdaForm$DMH+0x0000024e9100d000'
Event: 2173.062 Thread 0x0000024e8f9fedb0 Unloading class 0x0000024e9100b800 'java/lang/invoke/LambdaForm$MH+0x0000024e9100b800'
Event: 2173.062 Thread 0x0000024e8f9fedb0 Unloading class 0x0000024e91008400 'java/lang/invoke/LambdaForm$MH+0x0000024e91008400'
Event: 2173.063 Thread 0x0000024e8f9fedb0 Unloading class 0x0000024e91007800 'java/lang/invoke/LambdaForm$MH+0x0000024e91007800'
Event: 2173.063 Thread 0x0000024e8f9fedb0 Unloading class 0x0000024e91007400 'java/lang/invoke/LambdaForm$MH+0x0000024e91007400'
Event: 2173.063 Thread 0x0000024e8f9fedb0 Unloading class 0x0000024e91002400 'java/lang/invoke/LambdaForm$MH+0x0000024e91002400'
Event: 2173.063 Thread 0x0000024e8f9fedb0 Unloading class 0x0000024e91002000 'java/lang/invoke/LambdaForm$MH+0x0000024e91002000'
Event: 2173.063 Thread 0x0000024e8f9fedb0 Unloading class 0x0000024e91001c00 'java/lang/invoke/LambdaForm$MH+0x0000024e91001c00'
Event: 2173.063 Thread 0x0000024e8f9fedb0 Unloading class 0x0000024e91001000 'java/lang/invoke/LambdaForm$MH+0x0000024e91001000'

Classes redefined (0 events):
No events

Internal exceptions (20 events):
Event: 2175.522 Thread 0x0000024ed7615e80 Exception <a 'java/io/IOException'{0x000000008b4e7058}> (0x000000008b4e7058) 
thrown [s\open\src\hotspot\share\prims\jni.cpp, line 520]
Event: 2175.522 Thread 0x0000024ed7615e80 Exception <a 'java/io/IOException'{0x000000008b4e78d8}> (0x000000008b4e78d8) 
thrown [s\open\src\hotspot\share\prims\jni.cpp, line 520]
Event: 2175.522 Thread 0x0000024ed7615e80 Exception <a 'java/io/IOException'{0x000000008b4e9358}> (0x000000008b4e9358) 
thrown [s\open\src\hotspot\share\prims\jni.cpp, line 520]
Event: 2175.522 Thread 0x0000024ed7615e80 Exception <a 'java/io/IOException'{0x000000008b4e9bd8}> (0x000000008b4e9bd8) 
thrown [s\open\src\hotspot\share\prims\jni.cpp, line 520]
Event: 2175.534 Thread 0x0000024ed7615e80 Exception <a 'java/io/FileNotFoundException'{0x000000008b348430}> (0x000000008b348430) 
thrown [s\open\src\hotspot\share\prims\jni.cpp, line 520]
Event: 2175.828 Thread 0x0000024ed7615e80 Exception <a 'java/io/IOException'{0x0000000089596c38}> (0x0000000089596c38) 
thrown [s\open\src\hotspot\share\prims\jni.cpp, line 520]
Event: 2175.828 Thread 0x0000024ed7615e80 Exception <a 'java/io/IOException'{0x0000000089597208}> (0x0000000089597208) 
thrown [s\open\src\hotspot\share\prims\jni.cpp, line 520]
Event: 2175.959 Thread 0x0000024ed7615e80 Exception <a 'java/io/IOException'{0x0000000089214be0}> (0x0000000089214be0) 
thrown [s\open\src\hotspot\share\prims\jni.cpp, line 520]
Event: 2175.960 Thread 0x0000024ed7615e80 Exception <a 'java/io/IOException'{0x00000000892151b0}> (0x00000000892151b0) 
thrown [s\open\src\hotspot\share\prims\jni.cpp, line 520]
Event: 2175.992 Thread 0x0000024ed7615e80 Exception <a 'java/io/IOException'{0x000000008924d118}> (0x000000008924d118) 
thrown [s\open\src\hotspot\share\prims\jni.cpp, line 520]
Event: 2175.992 Thread 0x0000024ed7615e80 Exception <a 'java/io/IOException'{0x000000008924d438}> (0x000000008924d438) 
thrown [s\open\src\hotspot\share\prims\jni.cpp, line 520]
Event: 2175.997 Thread 0x0000024ed7615e80 Exception <a 'java/io/IOException'{0x0000000089268f08}> (0x0000000089268f08) 
thrown [s\open\src\hotspot\share\prims\jni.cpp, line 520]
Event: 2175.997 Thread 0x0000024ed7615e80 Exception <a 'java/io/IOException'{0x00000000892694d8}> (0x00000000892694d8) 
thrown [s\open\src\hotspot\share\prims\jni.cpp, line 520]
Event: 2315.446 Thread 0x0000024ed7616ba0 Exception <a 'java/io/IOException'{0x00000000890a3958}> (0x00000000890a3958) 
thrown [s\open\src\hotspot\share\prims\jni.cpp, line 520]
Event: 2315.447 Thread 0x0000024ed7616ba0 Exception <a 'java/io/IOException'{0x00000000890a3f28}> (0x00000000890a3f28) 
thrown [s\open\src\hotspot\share\prims\jni.cpp, line 520]
Event: 2315.510 Thread 0x0000024ed7618c70 Exception <a 'java/io/IOException'{0x00000000890bb060}> (0x00000000890bb060) 
thrown [s\open\src\hotspot\share\prims\jni.cpp, line 520]
Event: 2315.510 Thread 0x0000024ed7618c70 Exception <a 'java/io/IOException'{0x00000000890bb630}> (0x00000000890bb630) 
thrown [s\open\src\hotspot\share\prims\jni.cpp, line 520]
Event: 2315.561 Thread 0x0000024ed7616ba0 Exception <a 'java/io/IOException'{0x00000000890d3770}> (0x00000000890d3770) 
thrown [s\open\src\hotspot\share\prims\jni.cpp, line 520]
Event: 2315.562 Thread 0x0000024ed7616ba0 Exception <a 'java/io/IOException'{0x00000000890d3a90}> (0x00000000890d3a90) 
thrown [s\open\src\hotspot\share\prims\jni.cpp, line 520]
Event: 2315.620 Thread 0x0000024ed7613090 Exception <a 'java/lang/InterruptedException'{0x00000000890fa8e0}: sleep interrupted> (0x00000000890fa8e0) 
thrown [s\open\src\hotspot\share\prims\jvm.cpp, line 3093]

VM Operations (20 events):
Event: 496.601 Executing VM operation: G1CollectForAllocation (G1 Evacuation Pause) done
Event: 1803.423 Executing VM operation: HandshakeAllThreads (HandshakeForDeflation)
Event: 1803.425 Executing VM operation: HandshakeAllThreads (HandshakeForDeflation) done
Event: 1803.426 Executing VM operation: RendezvousGCThreads
Event: 1803.426 Executing VM operation: RendezvousGCThreads done
Event: 1810.419 Executing VM operation: G1CollectForAllocation (G1 Evacuation Pause)
Event: 1810.466 Executing VM operation: G1CollectForAllocation (G1 Evacuation Pause) done
Event: 1923.706 Executing VM operation: HandshakeAllThreads (HandshakeForDeflation)
Event: 1923.707 Executing VM operation: HandshakeAllThreads (HandshakeForDeflation) done
Event: 1923.707 Executing VM operation: RendezvousGCThreads
Event: 1923.707 Executing VM operation: RendezvousGCThreads done
Event: 2173.001 Executing VM operation: G1CollectFull (System.gc())
Event: 2173.293 Executing VM operation: G1CollectFull (System.gc()) done
Event: 2175.420 Executing VM operation: G1CollectForAllocation (G1 Evacuation Pause)
Event: 2175.432 Executing VM operation: G1CollectForAllocation (G1 Evacuation Pause) done
Event: 2224.313 Executing VM operation: HandshakeAllThreads (HandshakeForDeflation)
Event: 2224.315 Executing VM operation: HandshakeAllThreads (HandshakeForDeflation) done
Event: 2224.315 Executing VM operation: RendezvousGCThreads
Event: 2224.315 Executing VM operation: RendezvousGCThreads done
Event: 2315.623 Executing VM operation: G1CollectFull (System.gc())

Memory protections (0 events):
No events

Nmethod flushes (20 events):
Event: 2173.213 Thread 0x0000024e8f9fedb0 flushing  nmethod 0x0000024e88bc1608
Event: 2173.214 Thread 0x0000024e8f9fedb0 flushing  nmethod 0x0000024e88d91c88
Event: 2173.215 Thread 0x0000024e8f9fedb0 flushing  nmethod 0x0000024e88e4f908
Event: 2173.215 Thread 0x0000024e8f9fedb0 flushing  nmethod 0x0000024e88e76f88
Event: 2173.215 Thread 0x0000024e8f9fedb0 flushing  nmethod 0x0000024e88a53b88
Event: 2173.215 Thread 0x0000024e8f9fedb0 flushing  nmethod 0x0000024e88d72a88
Event: 2173.215 Thread 0x0000024e8f9fedb0 flushing  nmethod 0x0000024e88dc5608
Event: 2173.215 Thread 0x0000024e8f9fedb0 flushing  nmethod 0x0000024e88df4d08
Event: 2173.215 Thread 0x0000024e8f9fedb0 flushing  nmethod 0x0000024e88df5088
Event: 2173.215 Thread 0x0000024e8f9fedb0 flushing  nmethod 0x0000024e88e91808
Event: 2173.216 Thread 0x0000024e8f9fedb0 flushing  nmethod 0x0000024e887aaa08
Event: 2173.216 Thread 0x0000024e8f9fedb0 flushing  nmethod 0x0000024e88a1b988
Event: 2173.216 Thread 0x0000024e8f9fedb0 flushing  nmethod 0x0000024e88a1be88
Event: 2173.216 Thread 0x0000024e8f9fedb0 flushing  nmethod 0x0000024e88aee608
Event: 2173.217 Thread 0x0000024e8f9fedb0 flushing  nmethod 0x0000024e88bfa588
Event: 2173.217 Thread 0x0000024e8f9fedb0 flushing  nmethod 0x0000024e88d53608
Event: 2173.217 Thread 0x0000024e8f9fedb0 flushing  nmethod 0x0000024e88db0488
Event: 2173.217 Thread 0x0000024e8f9fedb0 flushing  nmethod 0x0000024e88e29f08
Event: 2173.217 Thread 0x0000024e8f9fedb0 flushing  nmethod 0x0000024e88e2dd88
Event: 2173.217 Thread 0x0000024e8f9fedb0 flushing  nmethod 0x0000024e88edc188

Events (20 events):
Event: 2235.990 Thread 0x0000024ed7617230 Thread exited: 0x0000024ed7617230
Event: 2315.450 Thread 0x0000024ed7616ba0 Thread added: 0x0000024ed7618c70
Event: 2315.451 Thread 0x0000024ed7616ba0 Thread exited: 0x0000024ed7616ba0
Event: 2315.511 Thread 0x0000024ed7618c70 Thread added: 0x0000024ed7616ba0
Event: 2315.560 Thread 0x0000024ed5e4de40 Thread exited: 0x0000024ed5e4de40
Event: 2315.562 Thread 0x0000024ed7616ba0 Thread exited: 0x0000024ed7616ba0
Event: 2315.566 Thread 0x0000024ed5e4d120 Thread exited: 0x0000024ed5e4d120
Event: 2315.569 Thread 0x0000024ed5e4b050 Thread exited: 0x0000024ed5e4b050
Event: 2315.569 Thread 0x0000024ed7617f50 Thread exited: 0x0000024ed7617f50
Event: 2315.569 Thread 0x0000024ed76178c0 Thread exited: 0x0000024ed76178c0
Event: 2315.569 Thread 0x0000024ed76185e0 Thread exited: 0x0000024ed76185e0
Event: 2315.569 Thread 0x0000024ed7619990 Thread exited: 0x0000024ed7619990
Event: 2315.569 Thread 0x0000024ed7614440 Thread exited: 0x0000024ed7614440
Event: 2315.569 Thread 0x0000024ed5e4c400 Thread exited: 0x0000024ed5e4c400
Event: 2315.570 Thread 0x0000024ed5e4d7b0 Thread exited: 0x0000024ed5e4d7b0
Event: 2315.570 Thread 0x0000024ed7619300 Thread exited: 0x0000024ed7619300
Event: 2315.570 Thread 0x0000024ed761a6b0 Thread exited: 0x0000024ed761a6b0
Event: 2315.620 Thread 0x0000024ed7613720 Thread exited: 0x0000024ed7613720
Event: 2315.620 Thread 0x0000024ed7614ad0 Thread exited: 0x0000024ed7614ad0
Event: 2315.620 Thread 0x0000024ed7613090 Thread exited: 0x0000024ed7613090


Dynamic libraries:
0x00007ff7cc9d0000 - 0x00007ff7cc9e0000 	C:\Program Files\Java\jdk-23\bin\java.exe
0x00007ffd5c7c0000 - 0x00007ffd5ca23000 	C:\WINDOWS\SYSTEM32\ntdll.dll
0x00007ffd5bbc0000 - 0x00007ffd5bc87000 	C:\WINDOWS\System32\KERNEL32.DLL
0x00007ffd59ea0000 - 0x00007ffd5a267000 	C:\WINDOWS\System32\KERNELBASE.dll
0x00007ffd5a4b0000 - 0x00007ffd5a5fc000 	C:\WINDOWS\System32\ucrtbase.dll
0x00007ffd4e810000 - 0x00007ffd4e827000 	C:\Program Files\Java\jdk-23\bin\jli.dll
0x00007ffd48530000 - 0x00007ffd4854b000 	C:\Program Files\Java\jdk-23\bin\VCRUNTIME140.dll
0x00007ffd5af30000 - 0x00007ffd5b0f9000 	C:\WINDOWS\System32\USER32.dll
0x00007ffd5a480000 - 0x00007ffd5a4a7000 	C:\WINDOWS\System32\win32u.dll
0x00007ffd41bc0000 - 0x00007ffd41e50000 	C:\WINDOWS\WinSxS\amd64_microsoft.windows.common-controls_6595b64144ccf1df_6.0.26100.3037_none_3e09262ce333c378\COMCTL32.dll
0x00007ffd5b1f0000 - 0x00007ffd5b21a000 	C:\WINDOWS\System32\GDI32.dll
0x00007ffd5a660000 - 0x00007ffd5a709000 	C:\WINDOWS\System32\msvcrt.dll
0x00007ffd59b60000 - 0x00007ffd59c8b000 	C:\WINDOWS\System32\gdi32full.dll
0x00007ffd5a3d0000 - 0x00007ffd5a473000 	C:\WINDOWS\System32\msvcp_win.dll
0x00007ffd5a710000 - 0x00007ffd5a73f000 	C:\WINDOWS\System32\IMM32.DLL
0x00007ffd521d0000 - 0x00007ffd521dc000 	C:\Program Files\Java\jdk-23\bin\vcruntime140_1.dll
0x00007ffd27600000 - 0x00007ffd2768e000 	C:\Program Files\Java\jdk-23\bin\msvcp140.dll
0x00007ffcf49a0000 - 0x00007ffcf56ef000 	C:\Program Files\Java\jdk-23\bin\server\jvm.dll
0x00007ffd5c400000 - 0x00007ffd5c4b4000 	C:\WINDOWS\System32\ADVAPI32.dll
0x00007ffd5c0d0000 - 0x00007ffd5c176000 	C:\WINDOWS\System32\sechost.dll
0x00007ffd5bc90000 - 0x00007ffd5bda6000 	C:\WINDOWS\System32\RPCRT4.dll
0x00007ffd5c700000 - 0x00007ffd5c774000 	C:\WINDOWS\System32\WS2_32.dll
0x00007ffd599f0000 - 0x00007ffd59a3e000 	C:\WINDOWS\SYSTEM32\POWRPROF.dll
0x00007ffd44cb0000 - 0x00007ffd44ce6000 	C:\WINDOWS\SYSTEM32\WINMM.dll
0x00007ffd4cab0000 - 0x00007ffd4cabb000 	C:\WINDOWS\SYSTEM32\VERSION.dll
0x00007ffd599d0000 - 0x00007ffd599e4000 	C:\WINDOWS\SYSTEM32\UMPDC.dll
0x00007ffd58950000 - 0x00007ffd5896a000 	C:\WINDOWS\SYSTEM32\kernel.appcore.dll
0x00007ffd4ecc0000 - 0x00007ffd4ecca000 	C:\Program Files\Java\jdk-23\bin\jimage.dll
0x00007ffd57340000 - 0x00007ffd57581000 	C:\WINDOWS\SYSTEM32\DBGHELP.DLL
0x00007ffd5b7a0000 - 0x00007ffd5bb1e000 	C:\WINDOWS\System32\combase.dll
0x00007ffd5c320000 - 0x00007ffd5c3f6000 	C:\WINDOWS\System32\OLEAUT32.dll
0x00007ffd458c0000 - 0x00007ffd458f9000 	C:\WINDOWS\SYSTEM32\dbgcore.DLL
0x00007ffd5a270000 - 0x00007ffd5a309000 	C:\WINDOWS\System32\bcryptPrimitives.dll
0x00007ffd4e6a0000 - 0x00007ffd4e6af000 	C:\Program Files\Java\jdk-23\bin\instrument.dll
0x00007ffd43e50000 - 0x00007ffd43e6e000 	C:\Program Files\Java\jdk-23\bin\java.dll
0x00007ffd5c180000 - 0x00007ffd5c315000 	C:\WINDOWS\System32\ole32.dll
0x00007ffd5a750000 - 0x00007ffd5ae54000 	C:\WINDOWS\System32\SHELL32.dll
0x00007ffd57820000 - 0x00007ffd58057000 	C:\WINDOWS\SYSTEM32\windows.storage.dll
0x00007ffd5b100000 - 0x00007ffd5b1e9000 	C:\WINDOWS\System32\SHCORE.dll
0x00007ffd5a600000 - 0x00007ffd5a65d000 	C:\WINDOWS\System32\shlwapi.dll
0x00007ffd59a70000 - 0x00007ffd59a9e000 	C:\WINDOWS\SYSTEM32\profapi.dll
0x00007ffd43980000 - 0x00007ffd43997000 	C:\Program Files\Java\jdk-23\bin\zip.dll
0x00007ffd4ec30000 - 0x00007ffd4ec40000 	C:\Program Files\Java\jdk-23\bin\net.dll
0x00007ffd58e40000 - 0x00007ffd58eaa000 	C:\WINDOWS\system32\mswsock.dll
0x00007ffd439a0000 - 0x00007ffd439b6000 	C:\Program Files\Java\jdk-23\bin\nio.dll
0x00007ffd58460000 - 0x00007ffd58585000 	C:\WINDOWS\SYSTEM32\DNSAPI.dll
0x00007ffd58420000 - 0x00007ffd58452000 	C:\WINDOWS\SYSTEM32\IPHLPAPI.DLL
0x00007ffd5bbb0000 - 0x00007ffd5bbba000 	C:\WINDOWS\System32\NSI.dll
0x00007ffd4fe10000 - 0x00007ffd4fe1b000 	C:\Windows\System32\rasadhlp.dll
0x00007ffd50fd0000 - 0x00007ffd51055000 	C:\WINDOWS\System32\fwpuclnt.dll
0x00007ffd441e0000 - 0x00007ffd441e9000 	C:\Program Files\Java\jdk-23\bin\extnet.dll
0x00007ffd43dd0000 - 0x00007ffd43dda000 	C:\Program Files\Java\jdk-23\bin\management.dll
0x00007ffd43970000 - 0x00007ffd4397b000 	C:\Program Files\Java\jdk-23\bin\management_ext.dll
0x00007ffd5beb0000 - 0x00007ffd5beb8000 	C:\WINDOWS\System32\PSAPI.DLL
0x00007ffd591f0000 - 0x00007ffd5920c000 	C:\WINDOWS\SYSTEM32\CRYPTSP.dll
0x00007ffd588b0000 - 0x00007ffd588e8000 	C:\WINDOWS\system32\rsaenh.dll
0x00007ffd58ee0000 - 0x00007ffd58f0b000 	C:\WINDOWS\SYSTEM32\USERENV.dll
0x00007ffd59380000 - 0x00007ffd593a6000 	C:\WINDOWS\SYSTEM32\bcrypt.dll
0x00007ffd59070000 - 0x00007ffd5907c000 	C:\WINDOWS\SYSTEM32\CRYPTBASE.dll
0x00007ffd2e340000 - 0x00007ffd2e358000 	C:\WINDOWS\system32\napinsp.dll
0x00007ffd2e320000 - 0x00007ffd2e332000 	C:\WINDOWS\System32\winrnr.dll
0x00007ffd2e280000 - 0x00007ffd2e2a2000 	C:\WINDOWS\system32\nlansp_c.dll
0x00007ffd4f1c0000 - 0x00007ffd4f1d6000 	C:\WINDOWS\system32\wshbth.dll
0x00007ffd2d6d0000 - 0x00007ffd2d726000 	C:\WINDOWS\SYSTEM32\pdh.dll
0x00007ffd3bbc0000 - 0x00007ffd3bbd2000 	C:\WINDOWS\System32\perfproc.dll
0x00007ffd4ece0000 - 0x00007ffd4ecf0000 	C:\Program Files\Java\jdk-23\bin\verify.dll
0x00007ffd437b0000 - 0x00007ffd437be000 	C:\Program Files\Java\jdk-23\bin\sunmscapi.dll
0x00007ffd59d20000 - 0x00007ffd59e96000 	C:\WINDOWS\System32\CRYPT32.dll
0x00007ffd59340000 - 0x00007ffd59370000 	C:\WINDOWS\SYSTEM32\ncrypt.dll
0x00007ffd592f0000 - 0x00007ffd5932f000 	C:\WINDOWS\SYSTEM32\NTASN1.dll
0x00007ffd46e80000 - 0x00007ffd46e88000 	C:\WINDOWS\system32\wshunix.dll

dbghelp: loaded successfully - version: 4.0.5 - missing functions: none
symbol engine: initialized successfully - sym options: 0x614 - pdb path: .;C:\Program Files\Java\jdk-23\bin;C:\WINDOWS\SYSTEM32;C:\WINDOWS\WinSxS\amd64_microsoft.windows.common-controls_6595b64144ccf1df_6.0.26100.3037_none_3e09262ce333c378;C:\Program Files\Java\jdk-23\bin\server

VM Arguments:
jvm_args: -XX:TieredStopAtLevel=1 -Dspring.output.ansi.enabled=always -Dcom.sun.management.jmxremote -Dspring.jmx.enabled=true -Dspring.liveBeansView.mbeanDomain -Dspring.application.admin.enabled=true -Dmanagement.endpoints.jmx.exposure.include=* -javaagent:C:\Program Files\JetBrains\IntelliJ IDEA 2026.1.3\lib\idea_rt.jar=54838 -Dfile.encoding=UTF-8 -Dsun.stdout.encoding=UTF-8 -Dsun.stderr.encoding=UTF-8 
java_command: com.mservicesdev.api_gateway.ApiGatewayApplication
java_class_path (initial): C:\wamp64\www\PJC\microservices\api-gateway\target\classes;C:\Users\HP\.m2\repository\org\springframework\cloud\spring-cloud-starter-gateway-server-webmvc\4.3.4\spring-cloud-starter-gateway-server-webmvc-4.3.4.jar;C:\Users\HP\.m2\repository\org\springframework\cloud\spring-cloud-starter\4.3.2\spring-cloud-starter-4.3.2.jar;C:\Users\HP\.m2\repository\org\springframework\cloud\spring-cloud-context\4.3.2\spring-cloud-context-4.3.2.jar;C:\Users\HP\.m2\repository\org\springframework\security\spring-security-crypto\6.5.10\spring-security-crypto-6.5.10.jar;C:\Users\HP\.m2\repository\org\springframework\cloud\spring-cloud-commons\4.3.2\spring-cloud-commons-4.3.2.jar;C:\Users\HP\.m2\repository\org\bouncycastle\bcprov-jdk18on\1.80\bcprov-jdk18on-1.80.jar;C:\Users\HP\.m2\repository\org\springframework\cloud\spring-cloud-gateway-server-webmvc\4.3.4\spring-cloud-gateway-server-webmvc-4.3.4.jar;C:\Users\HP\.m2\repository\org\springframework\cloud\spring-cloud-gateway-server-mvc\4.3.4\spring-cloud-gateway-server-mvc-4.3.4.jar;C:\Users\HP\.m2\repository\org\springframework\boot\spring-boot-starter-validation\3.5.14\spring-boot-starter-validation-3.5.14.jar;C:\Users\HP\.m2\repository\org\hibernate\validator\hibernate-validator\8.0.3.Final\hibernate-validator-8.0.3.Final.jar;C:\Users\HP\.m2\repository\jakarta\validation\jakarta.validation-api\3.0.2\jakarta.validation-api-3.0.2.jar;C:\Users\HP\.m2\repository\org\jboss\logging\jboss-logging\3.6.3.Final\jboss-logging-3.6.3.Final.jar;C:\Users\HP\.m2\repository\com\fasterxml\classmate\1.7.3\classmate-1.7.3.jar;C:\Users\HP\.m2\repository\org\springframework\boot\spring-boot-starter-web\3.5.14\spring-boot-starter-web-3.5.14.jar;C:\Users\HP\.m2\repository\org\springframework\boot\spring-boot-starter-json\3.5.14\spring-boot-starter-json-3.5.14.jar;C:\Users\HP\.m2\repository\com\fasterxml\jackson\core\jackson-databind\2.21.2\jackson-databind-2.21.2.jar;C:\Users\HP\.m2\repository\com\fasterxml\jackson\core\jackson-annotations\2.21\jackson-annotations-2.21.jar;C:\Users\HP\.m2\repository\com\fasterxml\jackson\core\jackson-core\2.21.2\jackson-core-2.21.2.jar;C:\Users\HP\.m2\repository\com\fasterxml\jackson\datatype\jackson-datatype-jdk8\2.21.2\jackson-datatype-jdk8-2.21.2.jar;C:\Users\HP\.m2\repository\com\fasterxml\jackson\datatype\jackson-datatype-jsr310\2.21.2\jackson-datatype-jsr310-2.21.2.jar;C:\Users\HP\.m2\repository\com\fasterxml\jackson\module\jackson-module-parameter-names\2.21.2\jackson-module-parameter-names-2.21.2.jar;C:\Users\HP\.m2\repository\org\springframework\boot\spring-boot-starter-tomcat\3.5.14\spring-boot-starter-tomcat-3.5.14.jar;C:\Users\HP\.m2\repository\org\apache\tomcat\embed\tomcat-embed-core\10.1.54\tomcat-embed-core-10.1.54.jar;C:\Users\HP\.m2\repository\org\apache\tomcat\embed\tomcat-embed-el\10.1.54\tomcat-embed-el-10.1.54.jar;C:\Users\HP\.m2\repository\org\apache\tomcat\embed\tomcat-embed-websocket\10.1.54\tomcat-embed-websocket-10.1.54.jar;C:\Users\HP\.m2\repository\org\springframework\spring-web\6.2.18\spring-web-6.2.18.jar;C:\Users\HP\.m2\repository\org\springframework\spring-beans\6.2.18\spring-beans-6.2.18.jar;C:\Users\HP\.m2\repository\io\micrometer\micrometer-observation\1.15.11\micrometer-observation-1.15.11.jar;C:\Users\HP\.m2\repository\io\micrometer\micrometer-commons\1.15.11\micrometer-commons-1.15.11.jar;C:\Users\HP\.m2\repository\org\springframework\spring-webmvc\6.2.18\spring-webmvc-6.2.18.jar;C:\Users\HP\.m2\repository\org\springframework\spring-aop\6.2.18\spring-aop-6.2.18.jar;C:\Users\HP\.m2\repository\org\springframework\spring-expression\6.2.18\spring-expression-6.2.18.jar;C:\Users\HP\.m2\repository\org\springframework\boot\spring-boot-properties-migrator\3.5.14\spring-boot-properties-migrator-3.5.14.jar;C:\Users\HP\.m2\repository\org\springframework\boot\spring-boot-configuration-metadata\3.5.14\spring-boot-configuration-metadata-3.5.14.jar;C:\Users\HP\.m2\repository\org\springframework\boot\spring-boot-devtools\3.5.14\spring-boot-devtools-3.5.14.jar;C:\Users\HP\.m2\repository\org\springframework\boot\spring-boot\3.5.14\spring-boot-3.5.14.jar;C:\Users\HP\.m2\repository\org\springframework\spring-context\6.2.18\spring-context-6.2.18.jar;C:\Users\HP\.m2\repository\org\springframework\boot\spring-boot-autoconfigure\3.5.14\spring-boot-autoconfigure-3.5.14.jar;C:\Users\HP\.m2\repository\org\projectlombok\lombok\1.18.46\lombok-1.18.46.jar;C:\Users\HP\.m2\repository\org\springframework\boot\spring-boot-starter\3.5.14\spring-boot-starter-3.5.14.jar;C:\Users\HP\.m2\repository\org\springframework\boot\spring-boot-starter-logging\3.5.14\spring-boot-starter-logging-3.5.14.jar;C:\Users\HP\.m2\repository\ch\qos\logback\logback-classic\1.5.32\logback-classic-1.5.32.jar;C:\Users\HP\.m2\repository\ch\qos\logback\logback-core\1.5.32\logback-core-1.5.32.jar;C:\Users\HP\.m2\repository\org\apache\logging\log4j\log4j-to-slf4j\2.24.3\log4j-to-slf4j-2.24.3.jar;C:\Users\HP\.m2\repository\org\apache\logging\log4j\log4j-api\2.24.3\log4j-api-2.24.3.jar;C:\Users\HP\.m2\repository\org\slf4j\jul-to-slf4j\2.0.17\jul-to-slf4j-2.0.17.jar;C:\Users\HP\.m2\repository\jakarta\annotation\jakarta.annotation-api\2.1.1\jakarta.annotation-api-2.1.1.jar;C:\Users\HP\.m2\repository\org\springframework\spring-core\6.2.18\spring-core-6.2.18.jar;C:\Users\HP\.m2\repository\org\springframework\spring-jcl\6.2.18\spring-jcl-6.2.18.jar;C:\Users\HP\.m2\repository\org\yaml\snakeyaml\2.4\snakeyaml-2.4.jar;C:\Users\HP\.m2\repository\org\slf4j\slf4j-api\2.0.17\slf4j-api-2.0.17.jar;C:\Users\HP\.m2\repository\com\vaadin\external\google\android-json\0.0.20131108.vaadin1\android-json-0.0.20131108.vaadin1.jar
Launcher Type: SUN_STANDARD

[Global flags]
     intx CICompilerCount                          = 4                                         {product} {ergonomic}
     uint ConcGCThreads                            = 3                                         {product} {ergonomic}
     uint G1ConcRefinementThreads                  = 10                                        {product} {ergonomic}
   size_t G1HeapRegionSize                         = 1048576                                   {product} {ergonomic}
   size_t InitialHeapSize                          = 130023424                                 {product} {ergonomic}
     bool ManagementServer                         = true                                      {product} {command line}
   size_t MarkStackSize                            = 4194304                                   {product} {ergonomic}
   size_t MarkStackSizeMax                         = 536870912                                 {product} {ergonomic}
   size_t MaxHeapSize                              = 2063597568                                {product} {ergonomic}
   size_t MaxNewSize                               = 1237319680                                {product} {ergonomic}
   size_t MinHeapDeltaBytes                        = 1048576                                   {product} {ergonomic}
   size_t MinHeapSize                              = 8388608                                   {product} {ergonomic}
    uintx NonNMethodCodeHeapSize                   = 4096                                   {pd product} {ergonomic}
    uintx NonProfiledCodeHeapSize                  = 0                                      {pd product} {ergonomic}
     bool ProfileInterpreter                       = false                                  {pd product} {command line}
    uintx ProfiledCodeHeapSize                     = 0                                      {pd product} {ergonomic}
   size_t SoftMaxHeapSize                          = 2063597568                             {manageable} {ergonomic}
     intx TieredStopAtLevel                        = 1                                         {product} {command line}
     bool UseCompressedOops                        = true                           {product lp64_product} {ergonomic}
     bool UseG1GC                                  = true                                      {product} {ergonomic}
     bool UseLargePagesIndividualAllocation        = false                                  {pd product} {ergonomic}

Logging:
Log output configuration:
 #0: stdout all=warning uptime,level,tags foldmultilines=false
 #1: stderr all=off uptime,level,tags foldmultilines=false

Environment Variables:
PATH=C:\wamp64\bin\php\php8.3.6;C:\Python314\Scripts\;C:\Python314\;C:\Python313\Scripts\;C:\Python313\;C:\Program Files\Common Files\Oracle\Java\javapath;C:\WINDOWS\system32;C:\WINDOWS;C:\WINDOWS\System32\Wbem;C:\WINDOWS\System32\WindowsPowerShell\v1.0\;C:\WINDOWS\System32\OpenSSH\;C:\Program Files\PostgreSQL\9.5\bin;C:\Program Files\PuTTY\;C:\ProgramData\ComposerSetup\bin;C:\ProgramData\chocolatey\bin;C:\Program Files\Git\cmd;C:\Program Files\dotnet\;C:\Program Files\nodejs\;C:\Program Files\GitHub CLI\;C:\Program Files\Docker\Docker\resources\bin;C:\Program Files\MySQL\MySQL Shell 8.0\bin\;C:\Users\HP\AppData\Local\Microsoft\WindowsApps;C:\Users\HP\AppData\Local\Programs\Microsoft VS Code\bin;C:\Users\HP\AppData\Roaming\Composer\vendor\bin;C:\Program Files\JetBrains\PhpStorm 2024.2.1\bin;;C:\Program Files\JetBrains\IntelliJ IDEA 2026.1.3\bin;C:\Users\HP\AppData\Roaming\npm;C:\Users\HP\AppData\Local\Programs\Antigravity\bin;C:\Users\HP\AppData\Local\Programs\Antigravity IDE\bin
USERNAME=HP
OS=Windows_NT
PROCESSOR_IDENTIFIER=Intel64 Family 6 Model 154 Stepping 4, GenuineIntel
TMP=C:\Users\HP\AppData\Local\Temp
TEMP=C:\Users\HP\AppData\Local\Temp




Periodic native trim disabled

---------------  S Y S T E M  ---------------

OS:
 Windows 11 , 64 bit Build 26100 (10.0.26100.3037)
OS uptime: 1 days 1:01 hours
Hyper-V role detected

CPU: total 12 (initial active 12) (6 cores per cpu, 2 threads per core) family 6 model 154 stepping 4 microcode 0x432, cx8, cmov, fxsr, ht, mmx, 3dnowpref, sse, sse2, sse3, ssse3, sse4.1, sse4.2, popcnt, lzcnt, tsc, tscinvbit, avx, avx2, aes, erms, clmul, bmi1, bmi2, adx, sha, fma, vzeroupper, clflush, clflushopt, clwb, hv, serialize, rdtscp, rdpid, fsrm, gfni, f16c, cet_ibt, cet_ss
Processor Information for processor 0
  Max Mhz: 1300, Current Mhz: 1300, Mhz Limit: 1300
Processor Information for processor 1
  Max Mhz: 1300, Current Mhz: 1300, Mhz Limit: 1300
Processor Information for processor 2
  Max Mhz: 1300, Current Mhz: 1300, Mhz Limit: 1300
Processor Information for processor 3
  Max Mhz: 1300, Current Mhz: 1300, Mhz Limit: 1300
Processor Information for processor 4
  Max Mhz: 1300, Current Mhz: 900, Mhz Limit: 897
Processor Information for processor 5
  Max Mhz: 1300, Current Mhz: 900, Mhz Limit: 897
Processor Information for processor 6
  Max Mhz: 1300, Current Mhz: 900, Mhz Limit: 897
Processor Information for processor 7
  Max Mhz: 1300, Current Mhz: 900, Mhz Limit: 897
Processor Information for processor 8
  Max Mhz: 1300, Current Mhz: 900, Mhz Limit: 897
Processor Information for processor 9
  Max Mhz: 1300, Current Mhz: 900, Mhz Limit: 897
Processor Information for processor 10
  Max Mhz: 1300, Current Mhz: 900, Mhz Limit: 897
Processor Information for processor 11
  Max Mhz: 1300, Current Mhz: 900, Mhz Limit: 897

Memory: 4k page, system-wide physical 7865M (955M free)
TotalPageFile size 32441M (AvailPageFile size 0M)
current process WorkingSet (physical memory assigned to process): 36M, peak: 203M
current process commit charge ("private bytes"): 249M, peak: 261M

vm_info: Java HotSpot(TM) 64-Bit Server VM (23+37-2369) for windows-amd64 JRE (23+37-2369), built on 2024-08-20T16:01:23Z with MS VC++ 17.6 (VS2022)

END.
